<?xml version="1.0" encoding="UTF-8" standalone="yes"?><!DOCTYPE report PUBLIC "-//JACOCO//DTD Report 1.1//EN" "report.dtd"><report name="sd_lab1"><sessioninfo id="MacBook-Air-Anton.local-f3c8104f" start="1635111808212" dump="1635111809301"/><sessioninfo id="MacBook-Air-Anton.local-48a4e004" start="1635112329727" dump="1635112331034"/><sessioninfo id="MacBook-Air-Anton.local-368136ee" start="1635112485043" dump="1635112486094"/><package name=""><class name="LRUCache" sourcefilename="LRUCache.java"><method name="&lt;init&gt;" desc="(I)V" line="5"><counter type="INSTRUCTION" missed="0" covered="24"/><counter type="BRANCH" missed="1" covered="3"/><counter type="LINE" missed="0" covered="6"/><counter type="COMPLEXITY" missed="1" covered="2"/><counter type="METHOD" missed="0" covered="1"/></method><method name="get" desc="(Ljava/lang/Object;)Ljava/lang/Object;" line="16"><counter type="INSTRUCTION" missed="4" covered="37"/><counter type="BRANCH" missed="3" covered="7"/><counter type="LINE" missed="0" covered="7"/><counter type="COMPLEXITY" missed="3" covered="3"/><counter type="METHOD" missed="0" covered="1"/></method><method name="put" desc="(Ljava/lang/Object;Ljava/lang/Object;)V" line="27"><counter type="INSTRUCTION" missed="4" covered="57"/><counter type="BRANCH" missed="4" covered="12"/><counter type="LINE" missed="0" covered="9"/><counter type="COMPLEXITY" missed="4" covered="5"/><counter type="METHOD" missed="0" covered="1"/></method><method name="remove" desc="(Ljava/lang/Object;)Ljava/lang/Object;" line="39"><counter type="INSTRUCTION" missed="4" covered="34"/><counter type="BRANCH" missed="4" covered="6"/><counter type="LINE" missed="0" covered="7"/><counter type="COMPLEXITY" missed="4" covered="2"/><counter type="METHOD" missed="0" covered="1"/></method><method name="isEmpty" desc="()Z" line="50"><counter type="INSTRUCTION" missed="0" covered="7"/><counter type="BRANCH" missed="0" covered="2"/><counter type="LINE" missed="0" covered="1"/><counter type="COMPLEXITY" missed="0" covered="2"/><counter type="METHOD" missed="0" covered="1"/></method><method name="size" desc="()I" line="54"><counter type="INSTRUCTION" missed="0" covered="4"/><counter type="LINE" missed="0" covered="1"/><counter type="COMPLEXITY" missed="0" covered="1"/><counter type="METHOD" missed="0" covered="1"/></method><method name="&lt;clinit&gt;" desc="()V" line="4"><counter type="INSTRUCTION" missed="2" covered="6"/><counter type="BRANCH" missed="1" covered="1"/><counter type="LINE" missed="0" covered="1"/><counter type="COMPLEXITY" missed="1" covered="1"/><counter type="METHOD" missed="0" covered="1"/></method><counter type="INSTRUCTION" missed="14" covered="169"/><counter type="BRANCH" missed="13" covered="31"/><counter type="LINE" missed="0" covered="32"/><counter type="COMPLEXITY" missed="13" covered="16"/><counter type="METHOD" missed="0" covered="7"/><counter type="CLASS" missed="0" covered="1"/></class><sourcefile name="LRUCache.java"><line nr="4" mi="2" ci="6" mb="1" cb="1"/><line nr="5" mi="0" ci="5" mb="0" cb="0"/><line nr="6" mi="0" ci="5" mb="0" cb="0"/><line nr="10" mi="0" ci="2" mb="0" cb="0"/><line nr="11" mi="0" ci="8" mb="1" cb="3"/><line nr="12" mi="0" ci="3" mb="0" cb="0"/><line nr="13" mi="0" ci="1" mb="0" cb="0"/><line nr="16" mi="0" ci="8" mb="1" cb="3"/><line nr="17" mi="0" ci="5" mb="0" cb="2"/><line nr="18" mi="0" ci="5" mb="0" cb="0"/><line nr="19" mi="0" ci="5" mb="0" cb="0"/><line nr="20" mi="4" ci="7" mb="2" cb="2"/><line nr="21" mi="0" ci="5" mb="0" cb="0"/><line nr="23" mi="0" ci="2" mb="0" cb="0"/><line nr="27" mi="0" ci="10" mb="1" cb="5"/><line nr="28" mi="0" ci="5" mb="0" cb="2"/><line nr="29" mi="0" ci="6" mb="0" cb="0"/><line nr="30" mi="0" ci="5" mb="0" cb="2"/><line nr="31" mi="0" ci="7" mb="0" cb="0"/><line nr="33" mi="0" ci="6" mb="0" cb="0"/><line nr="34" mi="0" ci="5" mb="0" cb="0"/><line nr="35" mi="4" ci="12" mb="3" cb="3"/><line nr="36" mi="0" ci="1" mb="0" cb="0"/><line nr="39" mi="0" ci="8" mb="1" cb="3"/><line nr="40" mi="0" ci="2" mb="0" cb="0"/><line nr="41" mi="0" ci="5" mb="1" cb="1"/><line nr="42" mi="0" ci="5" mb="0" cb="0"/><line nr="43" mi="0" ci="5" mb="0" cb="0"/><line nr="45" mi="4" ci="7" mb="2" cb="2"/><line nr="46" mi="0" ci="2" mb="0" cb="0"/><line nr="50" mi="0" ci="7" mb="0" cb="2"/><line nr="54" mi="0" ci="4" mb="0" cb="0"/><counter type="INSTRUCTION" missed="14" covered="169"/><counter type="BRANCH" missed="13" covered="31"/><counter type="LINE" missed="0" covered="32"/><counter type="COMPLEXITY" missed="13" covered="16"/><counter type="METHOD" missed="0" covered="7"/><counter type="CLASS" missed="0" covered="1"/></sourcefile><counter type="INSTRUCTION" missed="14" covered="169"/><counter type="BRANCH" missed="13" covered="31"/><counter type="LINE" missed="0" covered="32"/><counter type="COMPLEXITY" missed="13" covered="16"/><counter type="METHOD" missed="0" covered="7"/><counter type="CLASS" missed="0" covered="1"/></package><counter type="INSTRUCTION" missed="14" covered="169"/><counter type="BRANCH" missed="13" covered="31"/><counter type="LINE" missed="0" covered="32"/><counter type="COMPLEXITY" missed="13" covered="16"/><counter type="METHOD" missed="0" covered="7"/><counter type="CLASS" missed="0" covered="1"/></report>